<?xml version="1.0" encoding="UTF-8"?>
<testng-results ignored="0" total="1" passed="1" failed="0" skipped="0">
  <reporter-output>
  </reporter-output>
  <suite started-at="2023-06-19T23:55:19 AEST" name="Default suite" finished-at="2023-06-19T23:55:25 AEST" duration-ms="6214">
    <groups>
    </groups>
    <test started-at="2023-06-19T23:55:19 AEST" name="Default test" finished-at="2023-06-19T23:55:25 AEST" duration-ms="6214">
      <class name="registrationFunctionality.registerExistingEmailAddress">
        <test-method is-config="true" signature="getDriver()[pri:0, instance:registrationFunctionality.registerExistingEmailAddress@49049a04]" started-at="2023-06-19T23:55:19 AEST" name="getDriver" finished-at="2023-06-19T23:55:24 AEST" duration-ms="4624" status="PASS">
          <reporter-output>
          </reporter-output>
        </test-method> <!-- getDriver -->
        <test-method signature="testcase3()[pri:0, instance:registrationFunctionality.registerExistingEmailAddress@49049a04]" started-at="2023-06-19T23:55:24 AEST" name="testcase3" finished-at="2023-06-19T23:55:25 AEST" duration-ms="1566" status="PASS">
          <reporter-output>
          </reporter-output>
        </test-method> <!-- testcase3 -->
      </class> <!-- registrationFunctionality.registerExistingEmailAddress -->
    </test> <!-- Default test -->
  </suite> <!-- Default suite -->
</testng-results>
