<?xml version="1.0" encoding="UTF-8"?>
<testng-results ignored="0" total="1" passed="1" failed="0" skipped="0">
  <reporter-output>
  </reporter-output>
  <suite started-at="2023-06-21T22:34:54 ACST" name="Default suite" finished-at="2023-06-21T22:35:05 ACST" duration-ms="11679">
    <groups>
    </groups>
    <test started-at="2023-06-21T22:34:54 ACST" name="Default test" finished-at="2023-06-21T22:35:05 ACST" duration-ms="11679">
      <class name="wishListFunctionality.addProductToWishlist">
        <test-method is-config="true" signature="getDriver()[pri:0, instance:wishListFunctionality.addProductToWishlist@1a482e36]" started-at="2023-06-21T22:34:54 ACST" name="getDriver" finished-at="2023-06-21T22:34:59 ACST" duration-ms="5751" status="PASS">
          <reporter-output>
          </reporter-output>
        </test-method> <!-- getDriver -->
        <test-method signature="test1()[pri:0, instance:wishListFunctionality.addProductToWishlist@1a482e36]" started-at="2023-06-21T22:34:59 ACST" name="test1" finished-at="2023-06-21T22:35:05 ACST" duration-ms="5881" status="PASS">
          <reporter-output>
          </reporter-output>
        </test-method> <!-- test1 -->
      </class> <!-- wishListFunctionality.addProductToWishlist -->
    </test> <!-- Default test -->
  </suite> <!-- Default suite -->
</testng-results>
